[2025-12-16 16:51:18] This is codeql database index-files --include-extension=.java --exclude=**/module-info.java --exclude=**/package-info.java --size-limit=50m --language=java --working-dir=. /mnt/g/idea/spring-mem/codeql-db
[2025-12-16 16:51:18] Log file was started late.
[2025-12-16 16:51:18] Using index-files script /home/pawel/tools/codeql/java/tools/index-files.sh.
[2025-12-16 16:51:18] [PROGRESS] database index-files> Scanning for files in /mnt/g/idea/spring-mem/src/main/resources/clone...
[2025-12-16 16:51:18] Calling plumbing command: codeql resolve files --include-extension=.java --exclude=**/module-info.java --exclude=**/package-info.java --size-limit=50m /mnt/g/idea/spring-mem/src/main/resources/clone --format=json
[2025-12-16 16:51:18] [PROGRESS] resolve files> Scanning /mnt/g/idea/spring-mem/src/main/resources/clone...
[2025-12-16 16:51:18] [PROGRESS] resolve files> Scanning /mnt/g/idea/spring-mem/src/main/resources/clone/${project.build.directory}...
[2025-12-16 16:51:18] [PROGRESS] resolve files> Scanning /mnt/g/idea/spring-mem/src/main/resources/clone/${project.build.directory}/classes...
[2025-12-16 16:51:18] [PROGRESS] resolve files> Scanning /mnt/g/idea/spring-mem/src/main/resources/clone/.git...
[2025-12-16 16:51:18] [PROGRESS] resolve files> Scanning /mnt/g/idea/spring-mem/src/main/resources/clone/.git/branches...
[2025-12-16 16:51:18] [PROGRESS] resolve files> Scanning /mnt/g/idea/spring-mem/src/main/resources/clone/.git/hooks...
[2025-12-16 16:51:18] [PROGRESS] resolve files> Scanning /mnt/g/idea/spring-mem/src/main/resources/clone/.git/info...
[2025-12-16 16:51:18] [PROGRESS] resolve files> Scanning /mnt/g/idea/spring-mem/src/main/resources/clone/.git/logs...
[2025-12-16 16:51:18] [PROGRESS] resolve files> Scanning /mnt/g/idea/spring-mem/src/main/resources/clone/.git/logs/refs...
[2025-12-16 16:51:18] [PROGRESS] resolve files> Scanning /mnt/g/idea/spring-mem/src/main/resources/clone/.git/logs/refs/heads...
[2025-12-16 16:51:18] [PROGRESS] resolve files> Scanning /mnt/g/idea/spring-mem/src/main/resources/clone/.git/logs/refs/remotes...
[2025-12-16 16:51:19] [PROGRESS] resolve files> Scanning /mnt/g/idea/spring-mem/src/main/resources/clone/.git/logs/refs/remotes/origin...
[2025-12-16 16:51:19] [PROGRESS] resolve files> Scanning /mnt/g/idea/spring-mem/src/main/resources/clone/.git/objects...
[2025-12-16 16:51:19] [PROGRESS] resolve files> Scanning /mnt/g/idea/spring-mem/src/main/resources/clone/.git/objects/info...
[2025-12-16 16:51:19] [PROGRESS] resolve files> Scanning /mnt/g/idea/spring-mem/src/main/resources/clone/.git/objects/pack...
[2025-12-16 16:51:19] [PROGRESS] resolve files> Scanning /mnt/g/idea/spring-mem/src/main/resources/clone/.git/refs...
[2025-12-16 16:51:19] [PROGRESS] resolve files> Scanning /mnt/g/idea/spring-mem/src/main/resources/clone/.git/refs/heads...
[2025-12-16 16:51:19] [PROGRESS] resolve files> Scanning /mnt/g/idea/spring-mem/src/main/resources/clone/.git/refs/remotes...
[2025-12-16 16:51:19] [PROGRESS] resolve files> Scanning /mnt/g/idea/spring-mem/src/main/resources/clone/.git/refs/remotes/origin...
[2025-12-16 16:51:19] [PROGRESS] resolve files> Scanning /mnt/g/idea/spring-mem/src/main/resources/clone/.git/refs/tags...
[2025-12-16 16:51:19] [PROGRESS] resolve files> Scanning /mnt/g/idea/spring-mem/src/main/resources/clone/.mvn...
[2025-12-16 16:51:19] [PROGRESS] resolve files> Scanning /mnt/g/idea/spring-mem/src/main/resources/clone/.mvn/wrapper...
[2025-12-16 16:51:19] [PROGRESS] resolve files> Scanning /mnt/g/idea/spring-mem/src/main/resources/clone/img...
[2025-12-16 16:51:19] [PROGRESS] resolve files> Scanning /mnt/g/idea/spring-mem/src/main/resources/clone/img/API Documentation...
[2025-12-16 16:51:19] [PROGRESS] resolve files> Scanning /mnt/g/idea/spring-mem/src/main/resources/clone/src...
[2025-12-16 16:51:19] [PROGRESS] resolve files> Scanning /mnt/g/idea/spring-mem/src/main/resources/clone/src/main...
[2025-12-16 16:51:19] [PROGRESS] resolve files> Scanning /mnt/g/idea/spring-mem/src/main/resources/clone/src/main/java...
[2025-12-16 16:51:19] [PROGRESS] resolve files> Scanning /mnt/g/idea/spring-mem/src/main/resources/clone/src/main/java/com...
[2025-12-16 16:51:19] [PROGRESS] resolve files> Scanning /mnt/g/idea/spring-mem/src/main/resources/clone/src/main/java/com/example...
[2025-12-16 16:51:19] [PROGRESS] resolve files> Scanning /mnt/g/idea/spring-mem/src/main/resources/clone/src/main/java/com/example/randombook...
[2025-12-16 16:51:19] [PROGRESS] resolve files> Scanning /mnt/g/idea/spring-mem/src/main/resources/clone/src/main/java/com/example/randombook/book...
[2025-12-16 16:51:19] [PROGRESS] resolve files> Scanning /mnt/g/idea/spring-mem/src/main/resources/clone/src/main/java/com/example/randombook/category...
[2025-12-16 16:51:19] [PROGRESS] resolve files> Scanning /mnt/g/idea/spring-mem/src/main/resources/clone/src/main/java/com/example/randombook/customer...
[2025-12-16 16:51:19] [PROGRESS] resolve files> Scanning /mnt/g/idea/spring-mem/src/main/resources/clone/src/main/java/com/example/randombook/feedback...
[2025-12-16 16:51:19] [PROGRESS] resolve files> Scanning /mnt/g/idea/spring-mem/src/main/resources/clone/src/main/java/com/example/randombook/reading...
[2025-12-16 16:51:19] [PROGRESS] resolve files> Scanning /mnt/g/idea/spring-mem/src/main/resources/clone/src/main/resources...
[2025-12-16 16:51:19] [PROGRESS] resolve files> Scanning /mnt/g/idea/spring-mem/src/main/resources/clone/src/test...
[2025-12-16 16:51:19] [PROGRESS] resolve files> Scanning /mnt/g/idea/spring-mem/src/main/resources/clone/src/test/java...
[2025-12-16 16:51:19] [PROGRESS] resolve files> Scanning /mnt/g/idea/spring-mem/src/main/resources/clone/src/test/java/com...
[2025-12-16 16:51:19] [PROGRESS] resolve files> Scanning /mnt/g/idea/spring-mem/src/main/resources/clone/src/test/java/com/example...
[2025-12-16 16:51:19] [PROGRESS] resolve files> Scanning /mnt/g/idea/spring-mem/src/main/resources/clone/src/test/java/com/example/randombook...
[2025-12-16 16:51:19] Plumbing command codeql resolve files completed:
                      [
                        "/mnt/g/idea/spring-mem/src/main/resources/clone/.mvn/wrapper/MavenWrapperDownloader.java",
                        "/mnt/g/idea/spring-mem/src/main/resources/clone/src/main/java/com/example/randombook/RandomBookApplication.java",
                        "/mnt/g/idea/spring-mem/src/main/resources/clone/src/main/java/com/example/randombook/SwaggerConfig.java",
                        "/mnt/g/idea/spring-mem/src/main/resources/clone/src/main/java/com/example/randombook/book/Book.java",
                        "/mnt/g/idea/spring-mem/src/main/resources/clone/src/main/java/com/example/randombook/book/BookController.java",
                        "/mnt/g/idea/spring-mem/src/main/resources/clone/src/main/java/com/example/randombook/book/BookDAO.java",
                        "/mnt/g/idea/spring-mem/src/main/resources/clone/src/main/java/com/example/randombook/book/JdbcBookDAO.java",
                        "/mnt/g/idea/spring-mem/src/main/resources/clone/src/main/java/com/example/randombook/category/Category.java",
                        "/mnt/g/idea/spring-mem/src/main/resources/clone/src/main/java/com/example/randombook/category/CategoryController.java",
                        "/mnt/g/idea/spring-mem/src/main/resources/clone/src/main/java/com/example/randombook/category/CategoryDAO.java",
                        "/mnt/g/idea/spring-mem/src/main/resources/clone/src/main/java/com/example/randombook/category/JdbcCategoryDAO.java",
                        "/mnt/g/idea/spring-mem/src/main/resources/clone/src/main/java/com/example/randombook/customer/Customer.java",
                        "/mnt/g/idea/spring-mem/src/main/resources/clone/src/main/java/com/example/randombook/customer/CustomerController.java",
                        "/mnt/g/idea/spring-mem/src/main/resources/clone/src/main/java/com/example/randombook/customer/CustomerDAO.java",
                        "/mnt/g/idea/spring-mem/src/main/resources/clone/src/main/java/com/example/randombook/customer/JdbcCustomerDAO.java",
                        "/mnt/g/idea/spring-mem/src/main/resources/clone/src/main/java/com/example/randombook/feedback/Feedback.java",
                        "/mnt/g/idea/spring-mem/src/main/resources/clone/src/main/java/com/example/randombook/feedback/FeedbackController.java",
                        "/mnt/g/idea/spring-mem/src/main/resources/clone/src/main/java/com/example/randombook/feedback/FeedbackDAO.java",
                        "/mnt/g/idea/spring-mem/src/main/resources/clone/src/main/java/com/example/randombook/feedback/JdbcFeedbackDAO.java",
                        "/mnt/g/idea/spring-mem/src/main/resources/clone/src/main/java/com/example/randombook/reading/JdbcReadingDAO.java",
                        "/mnt/g/idea/spring-mem/src/main/resources/clone/src/main/java/com/example/randombook/reading/Reading.java",
                        "/mnt/g/idea/spring-mem/src/main/resources/clone/src/main/java/com/example/randombook/reading/ReadingController.java",
                        "/mnt/g/idea/spring-mem/src/main/resources/clone/src/main/java/com/example/randombook/reading/ReadingDAO.java",
                        "/mnt/g/idea/spring-mem/src/main/resources/clone/src/test/java/com/example/randombook/RandombookApplicationTests.java"
                      ]
[2025-12-16 16:51:19] [DETAILS] database index-files> Found 24 files.
[2025-12-16 16:51:19] [PROGRESS] database index-files> /mnt/g/idea/spring-mem/codeql-db: Indexing files in in /mnt/g/idea/spring-mem/src/main/resources/clone...
[2025-12-16 16:51:19] Using index-files script /home/pawel/tools/codeql/java/tools/index-files.sh.
[2025-12-16 16:51:19] [PROGRESS] database index-files> Running command in /mnt/g/idea/spring-mem/src/main/resources/clone: [/home/pawel/tools/codeql/java/tools/index-files.sh, /mnt/g/idea/spring-mem/codeql-db/working/files-to-index6911864315548184097.list]
[2025-12-16 16:55:32] Terminating normally.
