[2025-12-16 16:55:34] This is codeql database index-files --include-extension=.xml --include-extension=.wsdd --size-limit 10m --language xml -- /mnt/g/idea/spring-mem/codeql-db
[2025-12-16 16:55:34] Log file was started late.
[2025-12-16 16:55:34] Using index-files script /home/pawel/tools/codeql/xml/tools/index-files.sh.
[2025-12-16 16:55:34] [PROGRESS] database index-files> Scanning for files in /mnt/g/idea/spring-mem/src/main/resources/clone...
[2025-12-16 16:55:34] Calling plumbing command: codeql resolve files --include-extension=.xml --include-extension=.wsdd --size-limit=10m /mnt/g/idea/spring-mem/src/main/resources/clone --format=json
[2025-12-16 16:55:34] [PROGRESS] resolve files> Scanning /mnt/g/idea/spring-mem/src/main/resources/clone...
[2025-12-16 16:55:34] [PROGRESS] resolve files> Scanning /mnt/g/idea/spring-mem/src/main/resources/clone/${project.build.directory}...
[2025-12-16 16:55:34] [PROGRESS] resolve files> Scanning /mnt/g/idea/spring-mem/src/main/resources/clone/${project.build.directory}/classes...
[2025-12-16 16:55:34] [PROGRESS] resolve files> Scanning /mnt/g/idea/spring-mem/src/main/resources/clone/.git...
[2025-12-16 16:55:34] [PROGRESS] resolve files> Scanning /mnt/g/idea/spring-mem/src/main/resources/clone/.git/branches...
[2025-12-16 16:55:34] [PROGRESS] resolve files> Scanning /mnt/g/idea/spring-mem/src/main/resources/clone/.git/hooks...
[2025-12-16 16:55:34] [PROGRESS] resolve files> Scanning /mnt/g/idea/spring-mem/src/main/resources/clone/.git/info...
[2025-12-16 16:55:34] [PROGRESS] resolve files> Scanning /mnt/g/idea/spring-mem/src/main/resources/clone/.git/logs...
[2025-12-16 16:55:34] [PROGRESS] resolve files> Scanning /mnt/g/idea/spring-mem/src/main/resources/clone/.git/logs/refs...
[2025-12-16 16:55:34] [PROGRESS] resolve files> Scanning /mnt/g/idea/spring-mem/src/main/resources/clone/.git/logs/refs/heads...
[2025-12-16 16:55:34] [PROGRESS] resolve files> Scanning /mnt/g/idea/spring-mem/src/main/resources/clone/.git/logs/refs/remotes...
[2025-12-16 16:55:34] [PROGRESS] resolve files> Scanning /mnt/g/idea/spring-mem/src/main/resources/clone/.git/logs/refs/remotes/origin...
[2025-12-16 16:55:34] [PROGRESS] resolve files> Scanning /mnt/g/idea/spring-mem/src/main/resources/clone/.git/objects...
[2025-12-16 16:55:34] [PROGRESS] resolve files> Scanning /mnt/g/idea/spring-mem/src/main/resources/clone/.git/objects/info...
[2025-12-16 16:55:34] [PROGRESS] resolve files> Scanning /mnt/g/idea/spring-mem/src/main/resources/clone/.git/objects/pack...
[2025-12-16 16:55:34] [PROGRESS] resolve files> Scanning /mnt/g/idea/spring-mem/src/main/resources/clone/.git/refs...
[2025-12-16 16:55:34] [PROGRESS] resolve files> Scanning /mnt/g/idea/spring-mem/src/main/resources/clone/.git/refs/heads...
[2025-12-16 16:55:34] [PROGRESS] resolve files> Scanning /mnt/g/idea/spring-mem/src/main/resources/clone/.git/refs/remotes...
[2025-12-16 16:55:34] [PROGRESS] resolve files> Scanning /mnt/g/idea/spring-mem/src/main/resources/clone/.git/refs/remotes/origin...
[2025-12-16 16:55:34] [PROGRESS] resolve files> Scanning /mnt/g/idea/spring-mem/src/main/resources/clone/.git/refs/tags...
[2025-12-16 16:55:34] [PROGRESS] resolve files> Scanning /mnt/g/idea/spring-mem/src/main/resources/clone/.mvn...
[2025-12-16 16:55:34] [PROGRESS] resolve files> Scanning /mnt/g/idea/spring-mem/src/main/resources/clone/.mvn/wrapper...
[2025-12-16 16:55:34] [PROGRESS] resolve files> Scanning /mnt/g/idea/spring-mem/src/main/resources/clone/img...
[2025-12-16 16:55:34] [PROGRESS] resolve files> Scanning /mnt/g/idea/spring-mem/src/main/resources/clone/img/API Documentation...
[2025-12-16 16:55:34] [PROGRESS] resolve files> Scanning /mnt/g/idea/spring-mem/src/main/resources/clone/src...
[2025-12-16 16:55:34] [PROGRESS] resolve files> Scanning /mnt/g/idea/spring-mem/src/main/resources/clone/src/main...
[2025-12-16 16:55:34] [PROGRESS] resolve files> Scanning /mnt/g/idea/spring-mem/src/main/resources/clone/src/main/java...
[2025-12-16 16:55:34] [PROGRESS] resolve files> Scanning /mnt/g/idea/spring-mem/src/main/resources/clone/src/main/java/com...
[2025-12-16 16:55:34] [PROGRESS] resolve files> Scanning /mnt/g/idea/spring-mem/src/main/resources/clone/src/main/java/com/example...
[2025-12-16 16:55:34] [PROGRESS] resolve files> Scanning /mnt/g/idea/spring-mem/src/main/resources/clone/src/main/java/com/example/randombook...
[2025-12-16 16:55:34] [PROGRESS] resolve files> Scanning /mnt/g/idea/spring-mem/src/main/resources/clone/src/main/java/com/example/randombook/book...
[2025-12-16 16:55:34] [PROGRESS] resolve files> Scanning /mnt/g/idea/spring-mem/src/main/resources/clone/src/main/java/com/example/randombook/category...
[2025-12-16 16:55:34] [PROGRESS] resolve files> Scanning /mnt/g/idea/spring-mem/src/main/resources/clone/src/main/java/com/example/randombook/customer...
[2025-12-16 16:55:34] [PROGRESS] resolve files> Scanning /mnt/g/idea/spring-mem/src/main/resources/clone/src/main/java/com/example/randombook/feedback...
[2025-12-16 16:55:34] [PROGRESS] resolve files> Scanning /mnt/g/idea/spring-mem/src/main/resources/clone/src/main/java/com/example/randombook/reading...
[2025-12-16 16:55:34] [PROGRESS] resolve files> Scanning /mnt/g/idea/spring-mem/src/main/resources/clone/src/main/resources...
[2025-12-16 16:55:34] [PROGRESS] resolve files> Scanning /mnt/g/idea/spring-mem/src/main/resources/clone/src/test...
[2025-12-16 16:55:34] [PROGRESS] resolve files> Scanning /mnt/g/idea/spring-mem/src/main/resources/clone/src/test/java...
[2025-12-16 16:55:34] [PROGRESS] resolve files> Scanning /mnt/g/idea/spring-mem/src/main/resources/clone/src/test/java/com...
[2025-12-16 16:55:34] [PROGRESS] resolve files> Scanning /mnt/g/idea/spring-mem/src/main/resources/clone/src/test/java/com/example...
[2025-12-16 16:55:34] [PROGRESS] resolve files> Scanning /mnt/g/idea/spring-mem/src/main/resources/clone/src/test/java/com/example/randombook...
[2025-12-16 16:55:34] Plumbing command codeql resolve files completed:
                      [
                        "/mnt/g/idea/spring-mem/src/main/resources/clone/pom.xml"
                      ]
[2025-12-16 16:55:34] [DETAILS] database index-files> Found 1 files.
[2025-12-16 16:55:34] [PROGRESS] database index-files> /mnt/g/idea/spring-mem/codeql-db: Indexing files in in /mnt/g/idea/spring-mem/src/main/resources/clone...
[2025-12-16 16:55:34] Using index-files script /home/pawel/tools/codeql/xml/tools/index-files.sh.
[2025-12-16 16:55:34] [PROGRESS] database index-files> Running command in /mnt/g/idea/spring-mem/src/main/resources/clone: [/home/pawel/tools/codeql/xml/tools/index-files.sh, /mnt/g/idea/spring-mem/codeql-db/working/files-to-index17916907421806157.list]
[2025-12-16 16:55:35] [build-stdout] [2025-12-16 16:55:35] [XMLExtractor] Processed 1 files in 121 ms; produced 0 bytes of compressed TRAP
[2025-12-16 16:55:35] [build-stdout] 16:55:35.013 [main] INFO com.semmle.cli.SimpleExtractor.Stats -- Processed 1 files in 121 ms; produced 0 bytes of compressed TRAP
[2025-12-16 16:55:35] Terminating normally.
