[2025-12-16 16:51:19] [javac-extractor-6725] Starting extraction for:
                                             sun.java.command=com.semmle.extractor.java.JavaExtractor --jdk-version 25 --javac-args @@@/mnt/g/idea/spring-mem/codeql-db/log/ext/javac.args
                                             user.dir=/mnt/g/idea/spring-mem/src/main/resources/clone
[2025-12-16 16:51:19] [javac-extractor-6725] Compilation name /mnt/g/idea/spring-mem/codeql-db/trap/java/diagnostics/diagnostic.trap.gz
[2025-12-16 16:51:22] [javac-extractor-6725] Disabling annotation processing because there is no apparent Lombok usage
[2025-12-16 16:51:22] [javac-extractor-6725] Fetch https://repo.maven.apache.org/maven2/org/postgresql/postgresql/42.2.23/postgresql-42.2.23.jar
[2025-12-16 16:51:22] [javac-extractor-6725] Fetch https://repo.maven.apache.org/maven2/junit/junit/4.13.2/junit-4.13.2.jar
[2025-12-16 16:51:22] [javac-extractor-6725] Fetch https://repo.maven.apache.org/maven2/io/springfox/springfox-swagger-ui/2.6.1/springfox-swagger-ui-2.6.1.jar
[2025-12-16 16:51:22] [javac-extractor-6725] Fetch https://repo.maven.apache.org/maven2/io/springfox/springfox-swagger2/2.6.1/springfox-swagger2-2.6.1.jar
[2025-12-16 16:51:22] [javac-extractor-6725] Fetch https://repo.maven.apache.org/maven2/org/springframework/boot/spring-boot-starter-jdbc/2.5.4/spring-boot-starter-jdbc-2.5.4.jar
[2025-12-16 16:51:22] [javac-extractor-6725] Fetch https://repo.maven.apache.org/maven2/org/springframework/boot/spring-boot-starter-test/2.5.4/spring-boot-starter-test-2.5.4.jar
[2025-12-16 16:51:22] [javac-extractor-6725] Fetch https://repo.maven.apache.org/maven2/org/springframework/boot/spring-boot-starter-web/2.5.4/spring-boot-starter-web-2.5.4.jar
[2025-12-16 16:51:22] [javac-extractor-6725] Fetch https://repo.maven.apache.org/maven2/net/bytebuddy/byte-buddy/1.10.22/byte-buddy-1.10.22.jar
[2025-12-16 16:51:22] [javac-extractor-6725] Fetch https://repo.maven.apache.org/maven2/com/google/guava/guava/18.0/guava-18.0.jar
[2025-12-16 16:51:22] [javac-extractor-6725] Fetch https://repo.maven.apache.org/maven2/org/junit/jupiter/junit-jupiter/5.7.2/junit-jupiter-5.7.2.jar
[2025-12-16 16:51:22] [javac-extractor-6725] Fetch https://repo.maven.apache.org/maven2/org/springframework/spring-core/5.3.9/spring-core-5.3.9.jar
[2025-12-16 16:51:22] [javac-extractor-6725] Fetch https://repo.maven.apache.org/maven2/org/springframework/spring-jdbc/5.3.9/spring-jdbc-5.3.9.jar
[2025-12-16 16:51:22] [javac-extractor-6725] Fetch https://repo.maven.apache.org/maven2/org/springframework/spring-test/5.3.9/spring-test-5.3.9.jar
[2025-12-16 16:51:22] [javac-extractor-6725] Fetch https://repo.maven.apache.org/maven2/org/springframework/spring-web/5.3.9/spring-web-5.3.9.jar
[2025-12-16 16:51:22] [javac-extractor-6725] Fetch https://repo.maven.apache.org/maven2/org/springframework/spring-webmvc/5.3.9/spring-webmvc-5.3.9.jar
[2025-12-16 16:51:22] [javac-extractor-6725] Fetch https://repo.maven.apache.org/maven2/com/zaxxer/HikariCP/4.0.3/HikariCP-4.0.3.jar
[2025-12-16 16:51:22] [javac-extractor-6725] Fetch https://repo.maven.apache.org/maven2/org/assertj/assertj-core/3.19.0/assertj-core-3.19.0.jar
[2025-12-16 16:51:22] [javac-extractor-6725] Fetch https://repo.maven.apache.org/maven2/org/mockito/mockito-core/3.9.0/mockito-core-3.9.0.jar
[2025-12-16 16:51:22] [javac-extractor-6725] Fetch https://repo.maven.apache.org/maven2/org/mockito/mockito-junit-jupiter/3.9.0/mockito-junit-jupiter-3.9.0.jar
[2025-12-16 16:51:22] [javac-extractor-6725] Fetch https://repo.maven.apache.org/maven2/org/checkerframework/checker-qual/3.5.0/checker-qual-3.5.0.jar
[2025-12-16 16:51:22] [javac-extractor-6725] Fetch https://repo.maven.apache.org/maven2/org/xmlunit/xmlunit-core/2.8.2/xmlunit-core-2.8.2.jar
[2025-12-16 16:51:22] [javac-extractor-6725] Fetch https://repo.maven.apache.org/maven2/io/springfox/springfox-schema/2.6.1/springfox-schema-2.6.1.jar
[2025-12-16 16:51:22] [javac-extractor-6725] Fetch https://repo.maven.apache.org/maven2/io/springfox/springfox-spi/2.6.1/springfox-spi-2.6.1.jar
[2025-12-16 16:51:22] [javac-extractor-6725] Fetch https://repo.maven.apache.org/maven2/io/springfox/springfox-spring-web/2.6.1/springfox-spring-web-2.6.1.jar
[2025-12-16 16:51:22] [javac-extractor-6725] Fetch https://repo.maven.apache.org/maven2/io/springfox/springfox-swagger-common/2.6.1/springfox-swagger-common-2.6.1.jar
[2025-12-16 16:51:22] [javac-extractor-6725] Fetch https://repo.maven.apache.org/maven2/org/springframework/boot/spring-boot-starter/2.5.4/spring-boot-starter-2.5.4.jar
[2025-12-16 16:51:22] [javac-extractor-6725] Fetch https://repo.maven.apache.org/maven2/org/springframework/boot/spring-boot-starter-json/2.5.4/spring-boot-starter-json-2.5.4.jar
[2025-12-16 16:51:22] [javac-extractor-6725] Fetch https://repo.maven.apache.org/maven2/org/springframework/boot/spring-boot-starter-tomcat/2.5.4/spring-boot-starter-tomcat-2.5.4.jar
[2025-12-16 16:51:22] [javac-extractor-6725] Fetch https://repo.maven.apache.org/maven2/org/springframework/boot/spring-boot-test/2.5.4/spring-boot-test-2.5.4.jar
[2025-12-16 16:51:22] [javac-extractor-6725] Fetch https://repo.maven.apache.org/maven2/org/springframework/boot/spring-boot-test-autoconfigure/2.5.4/spring-boot-test-autoconfigure-2.5.4.jar
[2025-12-16 16:51:22] [javac-extractor-6725] Fetch https://repo.maven.apache.org/maven2/com/jayway/jsonpath/json-path/2.5.0/json-path-2.5.0.jar
[2025-12-16 16:51:22] [javac-extractor-6725] Fetch https://repo.maven.apache.org/maven2/jakarta/xml/bind/jakarta.xml.bind-api/2.3.3/jakarta.xml.bind-api-2.3.3.jar
[2025-12-16 16:51:22] [javac-extractor-6725] Fetch https://repo.maven.apache.org/maven2/org/hamcrest/hamcrest/2.2/hamcrest-2.2.jar
[2025-12-16 16:51:22] [javac-extractor-6725] Fetch https://repo.maven.apache.org/maven2/org/hamcrest/hamcrest-core/2.2/hamcrest-core-2.2.jar
[2025-12-16 16:51:22] [javac-extractor-6725] Fetch https://repo.maven.apache.org/maven2/org/slf4j/slf4j-api/1.7.32/slf4j-api-1.7.32.jar
[2025-12-16 16:51:22] [javac-extractor-6725] Fetch https://repo.maven.apache.org/maven2/io/swagger/swagger-annotations/1.5.10/swagger-annotations-1.5.10.jar
[2025-12-16 16:51:22] [javac-extractor-6725] Fetch https://repo.maven.apache.org/maven2/io/swagger/swagger-models/1.5.10/swagger-models-1.5.10.jar
[2025-12-16 16:51:22] [javac-extractor-6725] Fetch https://repo.maven.apache.org/maven2/com/fasterxml/classmate/1.5.1/classmate-1.5.1.jar
[2025-12-16 16:51:22] [javac-extractor-6725] Fetch https://repo.maven.apache.org/maven2/org/skyscreamer/jsonassert/1.5.0/jsonassert-1.5.0.jar
[2025-12-16 16:51:22] [javac-extractor-6725] Fetch https://repo.maven.apache.org/maven2/org/springframework/plugin/spring-plugin-core/1.2.0.RELEASE/spring-plugin-core-1.2.0.RELEASE.jar
[2025-12-16 16:51:22] [javac-extractor-6725] Fetch https://repo.maven.apache.org/maven2/org/springframework/plugin/spring-plugin-metadata/1.2.0.RELEASE/spring-plugin-metadata-1.2.0.RELEASE.jar
[2025-12-16 16:51:22] [javac-extractor-6725] Fetch https://repo.maven.apache.org/maven2/org/mapstruct/mapstruct/1.0.0.Final/mapstruct-1.0.0.Final.jar
[2025-12-16 16:51:22] [javac-extractor-6725] Fetch https://repo.maven.apache.org/maven2/org/apache/tomcat/embed/tomcat-embed-core/9.0.52/tomcat-embed-core-9.0.52.jar
[2025-12-16 16:51:22] [javac-extractor-6725] Fetch https://repo.maven.apache.org/maven2/org/apache/tomcat/embed/tomcat-embed-el/9.0.52/tomcat-embed-el-9.0.52.jar
[2025-12-16 16:51:22] [javac-extractor-6725] Fetch https://repo.maven.apache.org/maven2/org/apache/tomcat/embed/tomcat-embed-websocket/9.0.52/tomcat-embed-websocket-9.0.52.jar
[2025-12-16 16:51:22] [javac-extractor-6725] Fetch https://repo.maven.apache.org/maven2/org/junit/jupiter/junit-jupiter-api/5.7.2/junit-jupiter-api-5.7.2.jar
[2025-12-16 16:51:22] [javac-extractor-6725] Fetch https://repo.maven.apache.org/maven2/org/junit/jupiter/junit-jupiter-engine/5.7.2/junit-jupiter-engine-5.7.2.jar
[2025-12-16 16:51:22] [javac-extractor-6725] Fetch https://repo.maven.apache.org/maven2/org/junit/jupiter/junit-jupiter-params/5.7.2/junit-jupiter-params-5.7.2.jar
[2025-12-16 16:51:22] [javac-extractor-6725] Fetch https://repo.maven.apache.org/maven2/org/springframework/spring-aop/5.3.9/spring-aop-5.3.9.jar
[2025-12-16 16:51:22] [javac-extractor-6725] Fetch https://repo.maven.apache.org/maven2/org/springframework/spring-beans/5.3.9/spring-beans-5.3.9.jar
[2025-12-16 16:51:22] [javac-extractor-6725] Fetch https://repo.maven.apache.org/maven2/org/springframework/spring-context/5.3.9/spring-context-5.3.9.jar
[2025-12-16 16:51:22] [javac-extractor-6725] Fetch https://repo.maven.apache.org/maven2/org/springframework/spring-expression/5.3.9/spring-expression-5.3.9.jar
[2025-12-16 16:51:22] [javac-extractor-6725] Fetch https://repo.maven.apache.org/maven2/org/springframework/spring-jcl/5.3.9/spring-jcl-5.3.9.jar
[2025-12-16 16:51:22] [javac-extractor-6725] Fetch https://repo.maven.apache.org/maven2/org/springframework/spring-tx/5.3.9/spring-tx-5.3.9.jar
[2025-12-16 16:51:22] [javac-extractor-6725] Fetch https://repo.maven.apache.org/maven2/org/objenesis/objenesis/3.2/objenesis-3.2.jar
[2025-12-16 16:51:22] [javac-extractor-6725] Fetch https://repo.maven.apache.org/maven2/com/fasterxml/jackson/core/jackson-annotations/2.12.4/jackson-annotations-2.12.4.jar
[2025-12-16 16:51:22] [javac-extractor-6725] Fetch https://repo.maven.apache.org/maven2/com/fasterxml/jackson/core/jackson-databind/2.12.4/jackson-databind-2.12.4.jar
[2025-12-16 16:51:22] [javac-extractor-6725] Fetch https://repo.maven.apache.org/maven2/com/fasterxml/jackson/datatype/jackson-datatype-jdk8/2.12.4/jackson-datatype-jdk8-2.12.4.jar
[2025-12-16 16:51:22] [javac-extractor-6725] Fetch https://repo.maven.apache.org/maven2/com/fasterxml/jackson/datatype/jackson-datatype-jsr310/2.12.4/jackson-datatype-jsr310-2.12.4.jar
[2025-12-16 16:51:22] [javac-extractor-6725] Fetch https://repo.maven.apache.org/maven2/com/fasterxml/jackson/module/jackson-module-parameter-names/2.12.4/jackson-module-parameter-names-2.12.4.jar
[2025-12-16 16:51:22] [javac-extractor-6725] Fetch https://repo.maven.apache.org/maven2/io/springfox/springfox-core/2.6.1/springfox-core-2.6.1.jar
[2025-12-16 16:51:22] [javac-extractor-6725] Fetch https://repo.maven.apache.org/maven2/org/springframework/boot/spring-boot/2.5.4/spring-boot-2.5.4.jar
[2025-12-16 16:51:22] [javac-extractor-6725] Fetch https://repo.maven.apache.org/maven2/org/springframework/boot/spring-boot-autoconfigure/2.5.4/spring-boot-autoconfigure-2.5.4.jar
[2025-12-16 16:51:22] [javac-extractor-6725] Fetch https://repo.maven.apache.org/maven2/org/springframework/boot/spring-boot-starter-logging/2.5.4/spring-boot-starter-logging-2.5.4.jar
[2025-12-16 16:51:22] [javac-extractor-6725] Fetch https://repo.maven.apache.org/maven2/net/minidev/json-smart/2.4.7/json-smart-2.4.7.jar
[2025-12-16 16:51:22] [javac-extractor-6725] Fetch https://repo.maven.apache.org/maven2/org/yaml/snakeyaml/1.28/snakeyaml-1.28.jar
[2025-12-16 16:51:22] [javac-extractor-6725] Fetch https://repo.maven.apache.org/maven2/net/bytebuddy/byte-buddy-agent/1.10.22/byte-buddy-agent-1.10.22.jar
[2025-12-16 16:51:22] [javac-extractor-6725] Fetch https://repo.maven.apache.org/maven2/jakarta/annotation/jakarta.annotation-api/1.3.5/jakarta.annotation-api-1.3.5.jar
[2025-12-16 16:51:22] [javac-extractor-6725] Fetch https://repo.maven.apache.org/maven2/jakarta/activation/jakarta.activation-api/1.2.2/jakarta.activation-api-1.2.2.jar
[2025-12-16 16:51:22] [javac-extractor-6725] Fetch https://repo.maven.apache.org/maven2/com/vaadin/external/google/android-json/0.0.20131108.vaadin1/android-json-0.0.20131108.vaadin1.jar
[2025-12-16 16:51:22] [javac-extractor-6725] Fetch https://repo.maven.apache.org/maven2/org/apache/logging/log4j/log4j-to-slf4j/2.14.1/log4j-to-slf4j-2.14.1.jar
[2025-12-16 16:51:22] [javac-extractor-6725] Fetch https://repo.maven.apache.org/maven2/com/fasterxml/jackson/core/jackson-core/2.12.4/jackson-core-2.12.4.jar
[2025-12-16 16:51:22] [javac-extractor-6725] Fetch https://repo.maven.apache.org/maven2/net/minidev/accessors-smart/2.4.7/accessors-smart-2.4.7.jar
[2025-12-16 16:51:22] [javac-extractor-6725] Fetch https://repo.maven.apache.org/maven2/org/slf4j/jul-to-slf4j/1.7.32/jul-to-slf4j-1.7.32.jar
[2025-12-16 16:51:22] [javac-extractor-6725] Fetch https://repo.maven.apache.org/maven2/org/junit/platform/junit-platform-commons/1.7.2/junit-platform-commons-1.7.2.jar
[2025-12-16 16:51:22] [javac-extractor-6725] Fetch https://repo.maven.apache.org/maven2/org/junit/platform/junit-platform-engine/1.7.2/junit-platform-engine-1.7.2.jar
[2025-12-16 16:51:22] [javac-extractor-6725] Fetch https://repo.maven.apache.org/maven2/ch/qos/logback/logback-classic/1.2.5/logback-classic-1.2.5.jar
[2025-12-16 16:51:22] [javac-extractor-6725] Fetch https://repo.maven.apache.org/maven2/org/opentest4j/opentest4j/1.2.0/opentest4j-1.2.0.jar
[2025-12-16 16:51:22] [javac-extractor-6725] Fetch https://repo.maven.apache.org/maven2/org/apiguardian/apiguardian-api/1.1.0/apiguardian-api-1.1.0.jar
[2025-12-16 16:51:22] [javac-extractor-6725] Fetch https://repo.maven.apache.org/maven2/org/ow2/asm/asm/9.1/asm-9.1.jar
[2025-12-16 16:51:22] [javac-extractor-6725] Fetch https://repo.maven.apache.org/maven2/org/apache/logging/log4j/log4j-api/2.14.1/log4j-api-2.14.1.jar
[2025-12-16 16:51:22] [javac-extractor-6725] Fetch https://repo.maven.apache.org/maven2/ch/qos/logback/logback-core/1.2.5/logback-core-1.2.5.jar
[2025-12-16 16:51:28] [javac-extractor-6725] Added 82 classpath entries inferred from build files
[2025-12-16 16:51:31] [javac-extractor-6725] Fetch https://repo.maven.apache.org/maven2/io/streamnative/com/example/maven-central-template/server/3.0.0/server-3.0.0.jar
[2025-12-16 16:51:31] [javac-extractor-6725] Fetch https://repo.maven.apache.org/maven2/com/github/MoebiusSolutions/avro-registry-in-source/example-project/1.5/example-project-1.5.jar
[2025-12-16 16:51:31] [javac-extractor-6725] Fetch https://repo.maven.apache.org/maven2/com/feiniaojin/naaf/naaf-graceful-response-example/1.0/naaf-graceful-response-example-1.0.jar
[2025-12-16 16:51:31] [javac-extractor-6725] Fetch https://repo.maven.apache.org/maven2/com/intuit/benten/benten-examples/0.1.5/benten-examples-0.1.5.jar
[2025-12-16 16:51:31] [javac-extractor-6725] Fetch https://repo.maven.apache.org/maven2/org/scalamock/scalamock-examples_2.10/3.6.0/scalamock-examples_2.10-3.6.0.jar
[2025-12-16 16:51:31] [javac-extractor-6725] Fetch https://repo.maven.apache.org/maven2/com/mattunderscore/code/generation/specky/plugin-example/0.8.0/plugin-example-0.8.0.jar
[2025-12-16 16:51:31] [javac-extractor-6725] Fetch https://repo.maven.apache.org/maven2/io/github/scrollsyou/example-spring-boot-starter/1.0.0/example-spring-boot-starter-1.0.0.jar
[2025-12-16 16:51:31] [javac-extractor-6725] Fetch https://repo.maven.apache.org/maven2/org/somda/sdc/glue-examples/4.0.0/glue-examples-4.0.0.jar
[2025-12-16 16:51:31] [javac-extractor-6725] Fetch https://repo.maven.apache.org/maven2/de/knutwalker/rx-redis-example_2.11/0.1.2/rx-redis-example_2.11-0.1.2.jar
[2025-12-16 16:51:31] [javac-extractor-6725] Fetch https://repo.maven.apache.org/maven2/com/github/MoebiusSolutions/avro-registry-in-source/avro-registry-in-source-tests/1.8/avro-registry-in-source-tests-1.8.jar
[2025-12-16 16:51:31] [javac-extractor-6725] Fetch https://repo.maven.apache.org/maven2/org/minijax/minijax-example-inject/0.5.10/minijax-example-inject-0.5.10.jar
[2025-12-16 16:51:31] [javac-extractor-6725] Fetch https://repo.maven.apache.org/maven2/us/fatehi/schemacrawler-examplecode/16.20.2/schemacrawler-examplecode-16.20.2.jar
[2025-12-16 16:51:31] [javac-extractor-6725] Fetch https://repo.maven.apache.org/maven2/org/minijax/minijax-example-security/0.5.10/minijax-example-security-0.5.10.jar
[2025-12-16 16:51:31] [javac-extractor-6725] Fetch https://repo.maven.apache.org/maven2/com/microsoft/tang/tang-test-jarAB/0.9/tang-test-jarAB-0.9.jar
[2025-12-16 16:51:31] [javac-extractor-6725] Fetch https://repo.maven.apache.org/maven2/de/knutwalker/rx-redis-java-example_2.11/0.1.2/rx-redis-java-example_2.11-0.1.2.jar
[2025-12-16 16:51:31] [javac-extractor-6725] Fetch https://repo.maven.apache.org/maven2/org/minijax/minijax-example-json/0.5.10/minijax-example-json-0.5.10.jar
[2025-12-16 16:51:31] [javac-extractor-6725] Fetch https://repo.maven.apache.org/maven2/org/minijax/minijax-example-todo-backend/0.5.10/minijax-example-todo-backend-0.5.10.jar
[2025-12-16 16:51:31] [javac-extractor-6725] Fetch https://repo.maven.apache.org/maven2/org/minijax/minijax-example-websocket/0.5.10/minijax-example-websocket-0.5.10.jar
[2025-12-16 16:51:31] [javac-extractor-6725] Fetch https://repo.maven.apache.org/maven2/com/jakewharton/twirl/sample-runtime/1.2.0/sample-runtime-1.2.0.jar
[2025-12-16 16:51:31] [javac-extractor-6725] Fetch https://repo.maven.apache.org/maven2/no/nav/security/token-validation-ktor-demo/3.1.0/token-validation-ktor-demo-3.1.0.jar
[2025-12-16 16:51:31] [javac-extractor-6725] Fetch https://repo.maven.apache.org/maven2/org/minijax/minijax-example-fileupload/0.5.10/minijax-example-fileupload-0.5.10.jar
[2025-12-16 16:51:31] [javac-extractor-6725] Fetch https://repo.maven.apache.org/maven2/org/minijax/minijax-example-mustache/0.5.10/minijax-example-mustache-0.5.10.jar
[2025-12-16 16:51:31] [javac-extractor-6725] Fetch https://repo.maven.apache.org/maven2/org/minijax/minijax-example-petclinic/0.5.10/minijax-example-petclinic-0.5.10.jar
[2025-12-16 16:51:31] [javac-extractor-6725] Fetch https://repo.maven.apache.org/maven2/org/minijax/minijax-example-ssl/0.5.10/minijax-example-ssl-0.5.10.jar
[2025-12-16 16:51:33] [javac-extractor-6725] 24 files will be passed to the attrib/flow phase
[2025-12-16 16:51:33] [javac-extractor-6725] Processing file /mnt/g/idea/spring-mem/src/main/resources/clone/.mvn/wrapper/MavenWrapperDownloader.java
[2025-12-16 16:52:46] [javac-extractor-6725] Processing module java.base
[2025-12-16 16:52:48] [javac-extractor-6725] Processing file /mnt/g/idea/spring-mem/src/main/resources/clone/src/main/java/com/example/randombook/RandomBookApplication.java
[2025-12-16 16:52:48] [javac-extractor-6725] Fetch https://repo.maven.apache.org/maven2/org/rationalityfrontline/workaround/javax.annotation-api/1.3.2-3.0.2/javax.annotation-api-1.3.2-3.0.2.jar
[2025-12-16 16:52:48] [javac-extractor-6725]   Adding container RemoteArchiveContainer[https://repo.maven.apache.org/maven2, org.rationalityfrontline.workaround:javax.annotation-api:jar:1.3.2-3.0.2] to the classpath
[2025-12-16 16:53:38] [javac-extractor-6725] Processing module java.desktop
[2025-12-16 16:53:38] [javac-extractor-6725] Processing module java.datatransfer
[2025-12-16 16:53:38] [javac-extractor-6725] Processing JAR file: /mnt/g/idea/spring-mem/codeql-db/working/jars/org/springframework/boot/spring-boot/2.5.4/spring-boot-2.5.4.jar
[2025-12-16 16:53:38] [javac-extractor-6725] Processing JAR file: /mnt/g/idea/spring-mem/codeql-db/working/jars/org/springframework/spring-context/5.3.9/spring-context-5.3.9.jar
[2025-12-16 16:53:39] [javac-extractor-6725] Processing JAR file: /mnt/g/idea/spring-mem/codeql-db/working/jars/org/springframework/boot/spring-boot-autoconfigure/2.5.4/spring-boot-autoconfigure-2.5.4.jar
[2025-12-16 16:53:39] [javac-extractor-6725] Processing JAR file: /mnt/g/idea/spring-mem/codeql-db/working/jars/org/springframework/spring-core/5.3.9/spring-core-5.3.9.jar
[2025-12-16 16:53:39] [javac-extractor-6725] Processing JAR file: /mnt/g/idea/spring-mem/codeql-db/working/jars/org/springframework/spring-beans/5.3.9/spring-beans-5.3.9.jar
[2025-12-16 16:53:40] [javac-extractor-6725] Processing JAR file: /mnt/g/idea/spring-mem/codeql-db/working/jars/org/springframework/spring-jcl/5.3.9/spring-jcl-5.3.9.jar
[2025-12-16 16:53:40] [javac-extractor-6725] Processing JAR file: /mnt/g/idea/spring-mem/codeql-db/working/jars/org/rationalityfrontline/workaround/javax.annotation-api/1.3.2-3.0.2/javax.annotation-api-1.3.2-3.0.2.jar
[2025-12-16 16:53:41] [javac-extractor-6725] Processing file /mnt/g/idea/spring-mem/src/main/resources/clone/src/main/java/com/example/randombook/SwaggerConfig.java
[2025-12-16 16:54:42] [javac-extractor-6725] Processing JAR file: /mnt/g/idea/spring-mem/codeql-db/working/jars/com/google/guava/guava/18.0/guava-18.0.jar
[2025-12-16 16:54:42] [javac-extractor-6725] Processing JAR file: /mnt/g/idea/spring-mem/codeql-db/working/jars/io/springfox/springfox-core/2.6.1/springfox-core-2.6.1.jar
[2025-12-16 16:54:43] [javac-extractor-6725] Processing JAR file: /mnt/g/idea/spring-mem/codeql-db/working/jars/io/springfox/springfox-spi/2.6.1/springfox-spi-2.6.1.jar
[2025-12-16 16:54:43] [javac-extractor-6725] Processing JAR file: /mnt/g/idea/spring-mem/codeql-db/working/jars/io/springfox/springfox-spring-web/2.6.1/springfox-spring-web-2.6.1.jar
[2025-12-16 16:54:43] [javac-extractor-6725] Processing JAR file: /mnt/g/idea/spring-mem/codeql-db/working/jars/io/springfox/springfox-swagger2/2.6.1/springfox-swagger2-2.6.1.jar
[2025-12-16 16:54:44] [javac-extractor-6725] Processing JAR file: /mnt/g/idea/spring-mem/codeql-db/working/jars/org/springframework/spring-webmvc/5.3.9/spring-webmvc-5.3.9.jar
[2025-12-16 16:54:44] [javac-extractor-6725] Processing JAR file: /mnt/g/idea/spring-mem/codeql-db/working/jars/org/springframework/plugin/spring-plugin-metadata/1.2.0.RELEASE/spring-plugin-metadata-1.2.0.RELEASE.jar
[2025-12-16 16:54:45] [javac-extractor-6725] Processing JAR file: /mnt/g/idea/spring-mem/codeql-db/working/jars/org/springframework/spring-web/5.3.9/spring-web-5.3.9.jar
[2025-12-16 16:54:45] [javac-extractor-6725] Processing JAR file: /mnt/g/idea/spring-mem/codeql-db/working/jars/org/springframework/plugin/spring-plugin-core/1.2.0.RELEASE/spring-plugin-core-1.2.0.RELEASE.jar
[2025-12-16 16:54:45] [javac-extractor-6725] Processing JAR file: /mnt/g/idea/spring-mem/codeql-db/working/jars/com/fasterxml/classmate/1.5.1/classmate-1.5.1.jar
[2025-12-16 16:54:46] [javac-extractor-6725] Processing JAR file: /mnt/g/idea/spring-mem/codeql-db/working/jars/io/springfox/springfox-swagger-common/2.6.1/springfox-swagger-common-2.6.1.jar
[2025-12-16 16:54:47] [javac-extractor-6725] Processing JAR file: /mnt/g/idea/spring-mem/codeql-db/working/jars/org/apache/tomcat/embed/tomcat-embed-core/9.0.52/tomcat-embed-core-9.0.52.jar
[2025-12-16 16:54:47] [javac-extractor-6725] Processing JAR file: /mnt/g/idea/spring-mem/codeql-db/working/jars/io/springfox/springfox-schema/2.6.1/springfox-schema-2.6.1.jar
[2025-12-16 16:54:48] [javac-extractor-6725] Processing JAR file: /mnt/g/idea/spring-mem/codeql-db/working/jars/com/fasterxml/jackson/core/jackson-databind/2.12.4/jackson-databind-2.12.4.jar
[2025-12-16 16:54:48] [javac-extractor-6725] Processing JAR file: /mnt/g/idea/spring-mem/codeql-db/working/jars/com/fasterxml/jackson/core/jackson-core/2.12.4/jackson-core-2.12.4.jar
[2025-12-16 16:54:49] [javac-extractor-6725] Processing JAR file: /mnt/g/idea/spring-mem/codeql-db/working/jars/com/fasterxml/jackson/core/jackson-annotations/2.12.4/jackson-annotations-2.12.4.jar
[2025-12-16 16:54:49] [javac-extractor-6725] Processing file /mnt/g/idea/spring-mem/src/main/resources/clone/src/main/java/com/example/randombook/book/Book.java
[2025-12-16 16:54:50] [javac-extractor-6725] Processing module java.sql
[2025-12-16 16:54:50] [javac-extractor-6725] Processing file /mnt/g/idea/spring-mem/src/main/resources/clone/src/main/java/com/example/randombook/book/BookController.java
[2025-12-16 16:54:58] [javac-extractor-6725] Processing module java.xml
[2025-12-16 16:54:58] [javac-extractor-6725] Processing module java.logging
[2025-12-16 16:54:58] [javac-extractor-6725] Processing JAR file: /mnt/g/idea/spring-mem/codeql-db/working/jars/org/springframework/spring-jdbc/5.3.9/spring-jdbc-5.3.9.jar
[2025-12-16 16:54:59] [javac-extractor-6725] Processing JAR file: /mnt/g/idea/spring-mem/codeql-db/working/jars/org/springframework/spring-tx/5.3.9/spring-tx-5.3.9.jar
[2025-12-16 16:54:59] [javac-extractor-6725] Processing file /mnt/g/idea/spring-mem/src/main/resources/clone/src/main/java/com/example/randombook/book/JdbcBookDAO.java
[2025-12-16 16:55:01] [javac-extractor-6725] Processing file /mnt/g/idea/spring-mem/src/main/resources/clone/src/main/java/com/example/randombook/book/BookDAO.java
[2025-12-16 16:55:01] [javac-extractor-6725] Processing file /mnt/g/idea/spring-mem/src/main/resources/clone/src/main/java/com/example/randombook/category/Category.java
[2025-12-16 16:55:02] [javac-extractor-6725] Processing file /mnt/g/idea/spring-mem/src/main/resources/clone/src/main/java/com/example/randombook/category/CategoryController.java
[2025-12-16 16:55:03] [javac-extractor-6725] Processing file /mnt/g/idea/spring-mem/src/main/resources/clone/src/main/java/com/example/randombook/category/JdbcCategoryDAO.java
[2025-12-16 16:55:04] [javac-extractor-6725] Processing file /mnt/g/idea/spring-mem/src/main/resources/clone/src/main/java/com/example/randombook/category/CategoryDAO.java
[2025-12-16 16:55:04] [javac-extractor-6725] Processing file /mnt/g/idea/spring-mem/src/main/resources/clone/src/main/java/com/example/randombook/customer/Customer.java
[2025-12-16 16:55:05] [javac-extractor-6725] Processing file /mnt/g/idea/spring-mem/src/main/resources/clone/src/main/java/com/example/randombook/customer/CustomerController.java
[2025-12-16 16:55:06] [javac-extractor-6725] Processing file /mnt/g/idea/spring-mem/src/main/resources/clone/src/main/java/com/example/randombook/customer/JdbcCustomerDAO.java
[2025-12-16 16:55:07] [javac-extractor-6725] Processing file /mnt/g/idea/spring-mem/src/main/resources/clone/src/main/java/com/example/randombook/customer/CustomerDAO.java
[2025-12-16 16:55:08] [javac-extractor-6725] Processing file /mnt/g/idea/spring-mem/src/main/resources/clone/src/main/java/com/example/randombook/feedback/Feedback.java
[2025-12-16 16:55:08] [javac-extractor-6725] Processing file /mnt/g/idea/spring-mem/src/main/resources/clone/src/main/java/com/example/randombook/feedback/FeedbackController.java
[2025-12-16 16:55:09] [javac-extractor-6725] Processing file /mnt/g/idea/spring-mem/src/main/resources/clone/src/main/java/com/example/randombook/feedback/JdbcFeedbackDAO.java
[2025-12-16 16:55:10] [javac-extractor-6725] Processing file /mnt/g/idea/spring-mem/src/main/resources/clone/src/main/java/com/example/randombook/feedback/FeedbackDAO.java
[2025-12-16 16:55:11] [javac-extractor-6725] Processing file /mnt/g/idea/spring-mem/src/main/resources/clone/src/main/java/com/example/randombook/reading/JdbcReadingDAO.java
[2025-12-16 16:55:12] [javac-extractor-6725] Processing file /mnt/g/idea/spring-mem/src/main/resources/clone/src/main/java/com/example/randombook/reading/ReadingDAO.java
[2025-12-16 16:55:12] [javac-extractor-6725] Processing file /mnt/g/idea/spring-mem/src/main/resources/clone/src/main/java/com/example/randombook/reading/Reading.java
[2025-12-16 16:55:13] [javac-extractor-6725] Processing file /mnt/g/idea/spring-mem/src/main/resources/clone/src/main/java/com/example/randombook/reading/ReadingController.java
[2025-12-16 16:55:15] [javac-extractor-6725] Processing file /mnt/g/idea/spring-mem/src/main/resources/clone/src/test/java/com/example/randombook/RandombookApplicationTests.java
[2025-12-16 16:55:29] [javac-extractor-6725] Processing JAR file: /mnt/g/idea/spring-mem/codeql-db/working/jars/junit/junit/4.13.2/junit-4.13.2.jar
[2025-12-16 16:55:30] [javac-extractor-6725] Processing JAR file: /mnt/g/idea/spring-mem/codeql-db/working/jars/org/hamcrest/hamcrest/2.2/hamcrest-2.2.jar
[2025-12-16 16:55:30] [javac-extractor-6725] Processing JAR file: /mnt/g/idea/spring-mem/codeql-db/working/jars/org/springframework/boot/spring-boot-test/2.5.4/spring-boot-test-2.5.4.jar
[2025-12-16 16:55:30] [javac-extractor-6725] Processing JAR file: /mnt/g/idea/spring-mem/codeql-db/working/jars/org/springframework/spring-test/5.3.9/spring-test-5.3.9.jar
[2025-12-16 16:55:31] [javac-extractor-6725] Processing JAR file: /mnt/g/idea/spring-mem/codeql-db/working/jars/org/junit/jupiter/junit-jupiter-api/5.7.2/junit-jupiter-api-5.7.2.jar
[2025-12-16 16:55:32] [javac-extractor-6725] Processing JAR file: /mnt/g/idea/spring-mem/codeql-db/working/jars/org/apiguardian/apiguardian-api/1.1.0/apiguardian-api-1.1.0.jar
[2025-12-16 16:55:32] [javac-extractor-6725] Processing JAR file: /mnt/g/idea/spring-mem/codeql-db/working/jars/org/junit/platform/junit-platform-commons/1.7.2/junit-platform-commons-1.7.2.jar
[2025-12-16 16:55:32] [javac-extractor-6725] Classpath entries inferred from used external package names:
[2025-12-16 16:55:32] [javac-extractor-6725] /mnt/g/idea/spring-mem/codeql-db/working/jars/org/rationalityfrontline/workaround/javax.annotation-api/1.3.2-3.0.2/javax.annotation-api-1.3.2-3.0.2.jar
[2025-12-16 16:55:32] [javac-extractor-6725] Javac init time: 13.5s
[2025-12-16 16:55:32] [javac-extractor-6725] Javac attr time: 0.2s
[2025-12-16 16:55:32] [javac-extractor-6725] Extractor time: 238.8s
[2025-12-16 16:55:32] [javac-extractor-6725] Other time: 0.9s
[2025-12-16 16:55:32] [javac-extractor-6725] Total time: 253.3s
